01:45:55 Build sandboxing disabled due to nsjail error.
Trying dependencies-only mode on a non-existing device tree?
01:45:56 Build sandboxing disabled due to nsjail error.

============================================
PLATFORM_VERSION_CODENAME=REL
PLATFORM_VERSION=10
LINEAGE_VERSION=17.1-20201118-UNOFFICIAL-cedric
TARGET_PRODUCT=lineage_cedric
TARGET_BUILD_VARIANT=userdebug
TARGET_BUILD_TYPE=release
TARGET_ARCH=arm64
TARGET_ARCH_VARIANT=armv8-a
TARGET_CPU_VARIANT=generic
TARGET_2ND_ARCH=arm
TARGET_2ND_ARCH_VARIANT=armv8-a
TARGET_2ND_CPU_VARIANT=cortex-a53
HOST_ARCH=x86_64
HOST_2ND_ARCH=x86
HOST_OS=linux
HOST_OS_EXTRA=Linux-4.19.0-12-amd64-x86_64-Debian-GNU/Linux-10-(buster)
HOST_CROSS_OS=windows
HOST_CROSS_ARCH=x86
HOST_CROSS_2ND_ARCH=x86_64
HOST_BUILD_TYPE=release
BUILD_ID=QQ3A.200805.001
OUT_DIR=out
PRODUCT_SOONG_NAMESPACES=vendor/motorola/msm8937-common device/motorola/msm8937-common vendor/motorola/cedric device/motorola/cedric hardware/qcom-caf/msm8996
============================================
01:45:57 Build sandboxing disabled due to nsjail error.
============================================
PLATFORM_VERSION_CODENAME=REL
PLATFORM_VERSION=10
LINEAGE_VERSION=17.1-20201118-UNOFFICIAL-cedric
TARGET_PRODUCT=lineage_cedric
TARGET_BUILD_VARIANT=userdebug
TARGET_BUILD_TYPE=release
TARGET_ARCH=arm64
TARGET_ARCH_VARIANT=armv8-a
TARGET_CPU_VARIANT=generic
TARGET_2ND_ARCH=arm
TARGET_2ND_ARCH_VARIANT=armv8-a
TARGET_2ND_CPU_VARIANT=cortex-a53
HOST_ARCH=x86_64
HOST_2ND_ARCH=x86
HOST_OS=linux
HOST_OS_EXTRA=Linux-4.19.0-12-amd64-x86_64-Debian-GNU/Linux-10-(buster)
HOST_CROSS_OS=windows
HOST_CROSS_ARCH=x86
HOST_CROSS_2ND_ARCH=x86_64
HOST_BUILD_TYPE=release
BUILD_ID=QQ3A.200805.001
OUT_DIR=out
PRODUCT_SOONG_NAMESPACES=vendor/motorola/msm8937-common device/motorola/msm8937-common vendor/motorola/cedric device/motorola/cedric hardware/qcom-caf/msm8996
============================================
[100% 1/1] out/soong/.minibootstrap/minibp out/soong/.bootstrap/build.ninja
[  1% 2/140] compile out/soong/.bootstrap/blueprint-deptools/pkg/github.com/google/blueprint/deptools.a
[  2% 3/140] compile out/soong/.bootstrap/soong-lineage/pkg/lineage/soong/android.a
[  2% 4/140] compile out/soong/.bootstrap/loadplugins/obj/loadplugins.a
[  3% 5/140] compile out/soong/.bootstrap/gotestrunner/obj/gotestrunner.a
[  4% 6/140] compile out/soong/.bootstrap/soong-env/pkg/android/soong/env.a
[  5% 7/140] compile out/soong/.bootstrap/gotestmain/obj/gotestmain.a
[  5% 8/140] compile out/soong/.bootstrap/blueprint-proptools/pkg/github.com/google/blueprint/proptools.a
[  6% 9/140] compile out/soong/.bootstrap/soong-shared/pkg/android/soong/shared.a
[  7% 10/140] compile out/soong/.bootstrap/blueprint-parser/test/github.com/google/blueprint/parser.a
[  7% 11/140] compile out/soong/.bootstrap/soong_env/obj/soong_env.a
[  8% 12/140] compile out/soong/.bootstrap/blueprint-pathtools/pkg/github.com/google/blueprint/pathtools.a
[  9% 13/140] compile out/soong/.bootstrap/blueprint-parser/pkg/github.com/google/blueprint/parser.a
[ 10% 14/140] compile out/soong/.bootstrap/blueprint-pathtools/test/github.com/google/blueprint/pathtools.a
[ 10% 15/140] compile out/soong/.bootstrap/blueprint-proptools/test/github.com/google/blueprint/proptools.a
[ 11% 16/140] link out/soong/.bootstrap/gotestrunner/obj/a.out
[ 12% 17/140] cp out/soong/.bootstrap/bin/gotestrunner
[ 12% 18/140] link out/soong/.bootstrap/loadplugins/obj/a.out
[ 13% 19/140] cp out/soong/.bootstrap/bin/loadplugins
[ 14% 20/140] create out/soong/.bootstrap/soong_build/gen/plugin.go
[ 15% 21/140] link out/soong/.bootstrap/soong_env/obj/a.out
[ 15% 22/140] link out/soong/.bootstrap/gotestmain/obj/a.out
[ 16% 23/140] cp out/soong/.bootstrap/bin/gotestmain
[ 17% 24/140] cp out/soong/.bootstrap/bin/soong_env
[ 17% 25/140] gotestmain out/soong/.bootstrap/blueprint/test/test.go
[ 18% 26/140] gotestmain out/soong/.bootstrap/blueprint-bootstrap-bpdoc/test/test.go
[ 19% 27/140] gotestmain out/soong/.bootstrap/soong-apex/test/test.go
[ 20% 28/140] gotestmain out/soong/.bootstrap/blueprint-parser/test/test.go
[ 20% 29/140] gotestmain out/soong/.bootstrap/blueprint-pathtools/test/test.go
[ 21% 30/140] gotestmain out/soong/.bootstrap/blueprint-proptools/test/test.go
[ 22% 31/140] gotestmain out/soong/.bootstrap/soong-cc-config/test/test.go
[ 22% 32/140] gotestmain out/soong/.bootstrap/soong-android/test/test.go
[ 23% 33/140] gotestmain out/soong/.bootstrap/soong-cc/test/test.go
[ 24% 34/140] gotestmain out/soong/.bootstrap/soong-dexpreopt/test/test.go
[ 25% 35/140] gotestmain out/soong/.bootstrap/soong-genrule/test/test.go
[ 25% 36/140] gotestmain out/soong/.bootstrap/soong-java/test/test.go
[ 26% 37/140] compile out/soong/.bootstrap/blueprint-pathtools/test/test.a
[ 27% 38/140] compile out/soong/.bootstrap/blueprint-parser/test/test.a
[ 27% 39/140] gotestmain out/soong/.bootstrap/soong-python/test/test.go
[ 28% 40/140] gotestmain out/soong/.bootstrap/soong-xml/test/test.go
[ 29% 41/140] gotestmain out/soong/.bootstrap/soong-sysprop/test/test.go
[ 30% 42/140] compile out/soong/.bootstrap/blueprint-proptools/test/test.a
[ 30% 43/140] compile out/soong/.bootstrap/blueprint/pkg/github.com/google/blueprint.a
[ 31% 44/140] compile out/soong/.bootstrap/soong/pkg/android/soong.a
[ 32% 45/140] compile out/soong/.bootstrap/blueprint/test/github.com/google/blueprint.a
[ 32% 46/140] compile out/soong/.bootstrap/blueprint-bootstrap-bpdoc/pkg/github.com/google/blueprint/bootstrap/bpdoc.a
[ 33% 47/140] compile out/soong/.bootstrap/blueprint-bootstrap-bpdoc/test/github.com/google/blueprint/bootstrap/bpdoc.a
[ 34% 48/140] compile out/soong/.bootstrap/blueprint/test/test.a
[ 35% 49/140] compile out/soong/.bootstrap/blueprint-bootstrap-bpdoc/test/test.a
[ 35% 50/140] compile out/soong/.bootstrap/blueprint-bootstrap/pkg/github.com/google/blueprint/bootstrap.a
[ 36% 51/140] link out/soong/.bootstrap/blueprint-parser/test/test
[ 37% 52/140] test github.com/google/blueprint/parser
[ 37% 53/140] link out/soong/.bootstrap/blueprint-pathtools/test/test
[ 38% 54/140] link out/soong/.bootstrap/blueprint-proptools/test/test
[ 39% 55/140] test github.com/google/blueprint/pathtools
[ 40% 56/140] test github.com/google/blueprint/proptools
[ 40% 57/140] link out/soong/.bootstrap/blueprint/test/test
[ 41% 58/140] test github.com/google/blueprint
[ 42% 59/140] link out/soong/.bootstrap/blueprint-bootstrap-bpdoc/test/test
[ 42% 60/140] test github.com/google/blueprint/bootstrap/bpdoc
[ 43% 61/140] compile out/soong/.bootstrap/soong-android/pkg/android/soong/android.a
[ 44% 62/140] compile out/soong/.bootstrap/kernel-config-soong-rules/pkg/android/soong/kernel/configs.a
[ 45% 63/140] compile out/soong/.bootstrap/soong-java-config/pkg/android/soong/java/config.a
[ 45% 64/140] compile out/soong/.bootstrap/soong-phony/pkg/android/soong/phony.a
[ 46% 65/140] compile out/soong/.bootstrap/soong-lineage-generator/pkg/lineage/soong/generator.a
[ 47% 66/140] compile out/soong/.bootstrap/soong-java-config-error_prone/pkg/android/soong/java/config/error_prone.a
[ 47% 67/140] compile out/soong/.bootstrap/soong-genrule/pkg/android/soong/genrule.a
[ 48% 68/140] compile out/soong/.bootstrap/soong-genrule/test/android/soong/genrule.a
[ 49% 69/140] compile out/soong/.bootstrap/soong-dexpreopt/pkg/android/soong/dexpreopt.a
[ 50% 70/140] compile out/soong/.bootstrap/soong-cc-config/test/android/soong/cc/config.a
[ 50% 71/140] compile out/soong/.bootstrap/soong-ca-certificates/pkg/android/soong/system/ca-certificates.a
[ 51% 72/140] compile out/soong/.bootstrap/soong-genrule/test/test.a
[ 52% 73/140] compile out/soong/.bootstrap/soong-cc-config/test/test.a
[ 52% 74/140] compile out/soong/.bootstrap/soong-android/test/android/soong/android.a
[ 53% 75/140] compile out/soong/.bootstrap/soong-dexpreopt/test/android/soong/dexpreopt.a
[ 54% 76/140] compile out/soong/.bootstrap/soong-tradefed/pkg/android/soong/tradefed.a
[ 55% 77/140] compile out/soong/.bootstrap/soong-xml/test/android/soong/xml.a
[ 55% 78/140] compile out/soong/.bootstrap/soong-fs_config/pkg/android/soong/fs_config.a
[ 56% 79/140] compile out/soong/.bootstrap/soong-cc-config/pkg/android/soong/cc/config.a
[ 57% 80/140] compile out/soong/.bootstrap/soong-android/test/test.a
[ 57% 81/140] compile out/soong/.bootstrap/soong-dexpreopt/test/test.a
[ 58% 82/140] compile out/soong/.bootstrap/soong-selinux/pkg/android/soong/selinux.a
[ 59% 83/140] compile out/soong/.bootstrap/soong-libchrome/pkg/android/soong/external/libchrome.a
[ 60% 84/140] compile out/soong/.bootstrap/soong-bpf/pkg/android/soong/bpf.a
[ 60% 85/140] compile out/soong/.bootstrap/soong-wayland-protocol-codegen/pkg/android/soong/external/wayland-protocol.a
[ 61% 86/140] compile out/soong/.bootstrap/soong-python/pkg/android/soong/python.a
[ 62% 87/140] compile out/soong/.bootstrap/soong-python/test/android/soong/python.a
[ 62% 88/140] compile out/soong/.bootstrap/soong-xml/pkg/android/soong/xml.a
[ 63% 89/140] compile out/soong/.bootstrap/soong-xml/test/test.a
[ 64% 90/140] compile out/soong/.bootstrap/soong-python/test/test.a
[ 65% 91/140] compile out/soong/.bootstrap/vintf-compatibility-matrix-soong-rules/pkg/android/soong/vintf-compatibility-matrix.a
[ 65% 92/140] link out/soong/.bootstrap/soong-android/test/test
[ 66% 93/140] link out/soong/.bootstrap/soong-cc-config/test/test
[ 67% 94/140] link out/soong/.bootstrap/soong-genrule/test/test
[ 67% 95/140] link out/soong/.bootstrap/soong-dexpreopt/test/test
[ 68% 96/140] test android/soong/android
[ 69% 97/140] test android/soong/cc/config
[ 70% 98/140] test android/soong/dexpreopt
[ 70% 99/140] link out/soong/.bootstrap/soong-python/test/test
[ 71% 100/140] test android/soong/python
[ 72% 101/140] test android/soong/genrule
[ 72% 102/140] link out/soong/.bootstrap/soong-xml/test/test
[ 73% 103/140] test android/soong/xml
[ 74% 104/140] compile out/soong/.bootstrap/soong-cc/pkg/android/soong/cc.a
[ 75% 105/140] compile out/soong/.bootstrap/soong-camera-parameters/pkg/android/soong/camera_parameters.a
[ 75% 106/140] compile out/soong/.bootstrap/soong-display_defaults/pkg/android/soong/hardware/qcom/sm8150/display.a
[ 76% 107/140] compile out/soong/.bootstrap/soong-fluoride_qti/pkg/android/soong/fluoride_qti.a
[ 77% 108/140] compile out/soong/.bootstrap/soong-fluoride/pkg/android/soong/fluoride.a
[ 77% 109/140] compile out/soong/.bootstrap/soong-clang-prebuilts/pkg/android/soong/prebuilts/clang/host/linux-x86/clangprebuilts.a
[ 78% 110/140] compile out/soong/.bootstrap/soong-sanitizer_status/pkg/android/soong/security/santizers_status.a
[ 79% 111/140] compile out/soong/.bootstrap/soong-cc/test/android/soong/cc.a
[ 80% 112/140] compile out/soong/.bootstrap/soong-clang/pkg/android/soong/external/clang.a
[ 80% 113/140] compile out/soong/.bootstrap/soong-llvm/pkg/android/soong/external/llvm.a
[ 81% 114/140] compile out/soong/.bootstrap/soong-cc/test/test.a
[ 82% 115/140] link out/soong/.bootstrap/soong-cc/test/test
[ 82% 116/140] compile out/soong/.bootstrap/soong-java/pkg/android/soong/java.a
[ 83% 117/140] compile out/soong/.bootstrap/soong-suite-harness/pkg/android/soong/suite_harness.a
[ 84% 118/140] compile out/soong/.bootstrap/soong-sysprop/pkg/android/soong/sysprop.a
[ 85% 119/140] compile out/soong/.bootstrap/xsdc-soong-rules/pkg/android/soong/xsdc.a
[ 85% 120/140] compile out/soong/.bootstrap/soong-sysprop/test/android/soong/sysprop.a
[ 86% 121/140] compile out/soong/.bootstrap/aidl-soong-rules/pkg/android/soong/aidl.a
[ 87% 122/140] compile out/soong/.bootstrap/soong-sysprop/test/test.a
[ 87% 123/140] compile out/soong/.bootstrap/soong-java/test/android/soong/java.a
[ 88% 124/140] compile out/soong/.bootstrap/hidl-soong-rules/pkg/android/soong/hidl.a
[ 89% 125/140] compile out/soong/.bootstrap/soong-java/test/test.a
[ 90% 126/140] compile out/soong/.bootstrap/soong-apex/pkg/android/soong/apex.a
[ 90% 127/140] compile out/soong/.bootstrap/soong-apex/test/android/soong/apex.a
[ 91% 128/140] compile out/soong/.bootstrap/soong-apex/test/test.a
[ 92% 129/140] compile out/soong/.bootstrap/soong-art/pkg/android/soong/art.a
[ 92% 130/140] compile out/soong/.bootstrap/soong_build/obj/soong_build.a
[ 93% 131/140] link out/soong/.bootstrap/soong-sysprop/test/test
[ 94% 132/140] link out/soong/.bootstrap/soong-java/test/test
[ 95% 133/140] link out/soong/.bootstrap/soong-apex/test/test
[ 95% 134/140] link out/soong/.bootstrap/soong_build/obj/a.out
[ 96% 135/140] test android/soong/cc
[ 97% 136/140] test android/soong/java
[ 97% 137/140] test android/soong/sysprop
[ 98% 138/140] test android/soong/apex
[ 99% 139/140] cp out/soong/.bootstrap/bin/soong_build
01:46:41 soong bootstrap failed with: exit status 1
[100% 140/140] out/soong/.bootstrap/bin/soong_build out/soong/build.ninja
FAILED: out/soong/build.ninja
out/soong/.bootstrap/bin/soong_build -t -l out/.module_paths/Android.bp.list -b out/soong -n out -d out/soong/build.ninja.d -globFile out/soong/.bootstrap/build-globs.ninja -o out/soong/build.ninja Android.bp
error: external/ntfs-3g/Android.bp:94:1: module "mkfs.ntfs" variant "android_arm64_armv8-a_core": module source path "external/ntfs-3g/ntfsprogs/sd.c" does not exist
error: external/ntfs-3g/Android.bp:94:1: module "mkfs.ntfs" variant "android_arm64_armv8-a_core": module source path "external/ntfs-3g/ntfsprogs/utils.c" does not exist
error: external/ntfs-3g/Android.bp:111:1: module "mount.ntfs" variant "android_arm64_armv8-a_core": module source path "external/ntfs-3g/src/ntfs-3g.c" does not exist
error: external/ntfs-3g/Android.bp:111:1: module "mount.ntfs" variant "android_arm64_armv8-a_core": module source path "external/ntfs-3g/src/ntfs-3g_common.c" does not exist
error: external/ntfs-3g/Android.bp:80:1: module "fsck.ntfs" variant "android_arm64_armv8-a_core": module source path "external/ntfs-3g/ntfsprogs/utils.c" does not exist
ninja: build stopped: subcommand failed.

[0;31m#### failed to build some targets (45 seconds) ####[00m

